# Log rotated on Mon 14 Jul 00:00:01 EDT 2025
2025-07-14 00:00:05.525: Play: 9980-cond_tone.wav [normal] - successful
2025-07-14 00:00:05.525: WX Report: {'observations': 'Fair', 'temperature': '70 degrees', 'humidity': '97 percent', 'winddir': 'ESE', 'wind_speed': '0', 'wind_gust': '1', 'pressure': '30.1', 'pressure_status': 'falling', 'visibility': '10.00 miles', 'precipRate': '0.00'}
2025-07-14 00:00:54.953: WX Alert: Flash Flood Watch
2025-07-14 00:01:52.740: CT Override 5629-CT -> 5095.
2025-07-14 00:01:53.448: Play: 5095-CT(CW) W 500.wav [interruptible] - successful
2025-07-14 00:02:04.450: Play: 5171-TM PL 77.wav [interruptible] - successful
2025-07-14 00:04:07.221: Play: 5429-PID Ohms Away from Home.wav [normal] - successful
2025-07-14 00:08:26.913: CT Override 5629-CT -> 5095.
2025-07-14 00:08:27.621: Play: 5095-CT(CW) W 500.wav [interruptible] - successful
2025-07-14 00:11:25.414: CT Override 5629-CT -> 5095.
2025-07-14 00:11:26.070: Play: 5095-CT(CW) W 500.wav [interruptible] - successful
2025-07-14 00:12:01.084: CT Override 5648-CT -> 5095.
2025-07-14 00:12:01.792: Play: 5095-CT(CW) W 500.wav [interruptible] - successful
2025-07-14 00:12:14.247: Play: 5185-TM R2 ARES Net 7:45.wav [interruptible] - successful
2025-07-14 00:12:15.960: Play: 5171-TM PL 77.wav [interruptible] - successful
2025-07-14 00:13:37.733: Play: 5423-PID Calling All Stations.wav [normal] - successful
2025-07-14 00:18:18.371: CT Override 5648-CT -> 5095.
2025-07-14 00:18:19.079: Play: 5095-CT(CW) W 500.wav [interruptible] - successful
2025-07-14 00:21:34.218: CT Override 5648-CT -> 5095.
2025-07-14 00:21:34.925: Play: 5095-CT(CW) W 500.wav [interruptible] - successful
2025-07-14 00:23:11.222: Play: 5417-PID It's always good - Stick with it.wav [normal] - successful
2025-07-14 00:59:58.647: Play: 9980-cond_tone.wav [normal] - successful
2025-07-14 00:59:58.647: WX Report: {'observations': 'Partly Cloudy', 'temperature': '70 degrees', 'humidity': '98 percent', 'winddir': 'SE', 'wind_speed': '2', 'wind_gust': '3', 'pressure': '30.09', 'pressure_status': 'falling', 'visibility': '10.00 miles', 'precipRate': '0.00'}
2025-07-14 01:59:58.648: Play: 9980-cond_tone.wav [normal] - successful
2025-07-14 01:59:58.648: WX Report: {'observations': 'Overcast', 'temperature': '71 degrees', 'humidity': '98 percent', 'winddir': 'SSE', 'wind_speed': '1', 'wind_gust': '3', 'pressure': '30.09', 'pressure_status': 'steady', 'visibility': '10.00 miles', 'precipRate': '0.00'}
2025-07-14 02:29:43.063: Play: 5301-IID Welcome to the Machine.wav [normal] - successful
2025-07-14 02:29:43.260: CT Override 5635-CT -> 5095.
2025-07-14 02:29:43.916: Play: 5095-CT(CW) W 500.wav [interruptible] - successful
2025-07-14 02:29:56.467: Play: 5185-TM R2 ARES Net 7:45.wav [interruptible] - successful
2025-07-14 02:29:58.177: Play: 5172-TM PL 77.wav [interruptible] - successful
2025-07-14 02:30:02.566: CT Override 5635-CT -> 5095.
2025-07-14 02:30:03.272: Play: 5095-CT(CW) W 500.wav [interruptible] - successful
2025-07-14 02:39:21.980: Play: 5419-PID Bigger Boat.wav [normal] - successful
2025-07-14 02:59:57.667: Play: 9980-cond_tone.wav [normal] - successful
2025-07-14 02:59:57.667: WX Report: {'observations': 'Overcast', 'temperature': '71 degrees', 'humidity': '98 percent', 'winddir': 'SE', 'wind_speed': '1', 'wind_gust': '2', 'pressure': '30.08', 'pressure_status': 'falling', 'visibility': '10.00 miles', 'precipRate': '0.00'}
2025-07-14 03:59:57.638: Play: 9980-cond_tone.wav [normal] - successful
2025-07-14 03:59:57.638: WX Report: {'observations': 'Overcast', 'temperature': '70 degrees', 'humidity': '98 percent', 'winddir': 'SW', 'wind_speed': '0', 'wind_gust': '2', 'pressure': '30.06', 'pressure_status': 'falling', 'visibility': '10.00 miles', 'precipRate': '0.00'}
2025-07-14 04:59:57.638: Play: 9980-cond_tone.wav [normal] - successful
2025-07-14 04:59:57.639: WX Report: {'observations': 'Overcast', 'temperature': '70 degrees', 'humidity': '99 percent', 'winddir': 'SSE', 'wind_speed': '0', 'wind_gust': '1', 'pressure': '30.08', 'pressure_status': 'rising', 'visibility': '10.00 miles', 'precipRate': '0.00'}
2025-07-14 05:59:57.681: Play: 9980-cond_tone.wav [normal] - successful
2025-07-14 05:59:57.681: WX Report: {'observations': 'Overcast', 'temperature': '70 degrees', 'humidity': '99 percent', 'winddir': 'SE', 'wind_speed': '0', 'wind_gust': '1', 'pressure': '30.08', 'pressure_status': 'steady', 'visibility': '10.00 miles', 'precipRate': '0.00'}
2025-07-14 06:59:57.641: Play: 9980-cond_tone.wav [normal] - successful
2025-07-14 06:59:57.642: WX Report: {'observations': 'Overcast', 'temperature': '71 degrees', 'humidity': '98 percent', 'winddir': 'S', 'wind_speed': '3', 'wind_gust': '5', 'pressure': '30.07', 'pressure_status': 'falling', 'visibility': '10.00 miles', 'precipRate': '0.00'}
2025-07-14 07:04:54.733: Play: 5302-IID Number You Have Reached.wav [normal] - successful
2025-07-14 07:04:54.940: CT Override 5628-CT -> 5095.
2025-07-14 07:04:55.598: Play: 5095-CT(CW) W 500.wav [interruptible] - successful
2025-07-14 07:05:08.140: Play: 5185-TM R2 ARES Net 7:45.wav [interruptible] - successful
2025-07-14 07:05:09.851: Play: 5173-TM PL 77.wav [interruptible] - successful
2025-07-14 07:22:14.291: Play: 5303-IID Sense of Humor.wav [normal] - successful
2025-07-14 07:22:14.488: CT Override 5644-CT -> 5095.
2025-07-14 07:22:15.193: Play: 5095-CT(CW) W 500.wav [interruptible] - successful
2025-07-14 07:22:27.644: Play: 5185-TM R2 ARES Net 7:45.wav [interruptible] - successful
2025-07-14 07:22:29.355: Play: 5171-TM PL 77.wav [interruptible] - successful
2025-07-14 07:35:59.665: Play: 5304-IID Speed of Light.wav [normal] - successful
2025-07-14 07:35:59.812: CT Override 5662-CT -> 5095.
2025-07-14 07:36:00.520: Play: 5095-CT(CW) W 500.wav [interruptible] - successful
2025-07-14 07:36:13.025: Play: 5185-TM R2 ARES Net 7:45.wav [interruptible] - successful
2025-07-14 07:36:14.736: Play: 5172-TM PL 77.wav [interruptible] - successful
2025-07-14 07:50:19.530: Play: 5305-IID Breaking New Ground.wav [normal] - successful
2025-07-14 07:50:19.730: CT Override 5617-CT -> 5095.
2025-07-14 07:50:20.437: Play: 5095-CT(CW) W 500.wav [interruptible] - successful
2025-07-14 07:50:32.931: Play: 5185-TM R2 ARES Net 7:45.wav [interruptible] - successful
2025-07-14 07:50:34.641: Play: 5173-TM PL 77.wav [interruptible] - successful
2025-07-14 07:59:57.663: Play: 9980-cond_tone.wav [normal] - successful
2025-07-14 07:59:57.663: WX Report: {'observations': 'Overcast', 'temperature': '72 degrees', 'humidity': '96 percent', 'winddir': 'S', 'wind_speed': '3', 'wind_gust': '5', 'pressure': '30.07', 'pressure_status': 'steady', 'visibility': '10.00 miles', 'precipRate': '0.00'}
2025-07-14 08:08:05.140: Play: 5306-IID 505 Zone.wav [normal] - successful
2025-07-14 08:08:05.343: CT Override 5655-CT -> 5095.
2025-07-14 08:08:06.050: Play: 5095-CT(CW) W 500.wav [interruptible] - successful
2025-07-14 08:08:18.543: Play: 5185-TM R2 ARES Net 7:45.wav [interruptible] - successful
2025-07-14 08:08:20.254: Play: 5171-TM PL 77.wav [interruptible] - successful
2025-07-14 08:59:57.662: Play: 9980-cond_tone.wav [normal] - successful
2025-07-14 08:59:57.663: WX Report: {'observations': 'Overcast', 'temperature': '73 degrees', 'humidity': '97 percent', 'winddir': 'S', 'wind_speed': '1', 'wind_gust': '3', 'pressure': '30.08', 'pressure_status': 'rising', 'visibility': '10.00 miles', 'precipRate': '0.00'}
2025-07-14 09:59:57.685: Play: 9980-cond_tone.wav [normal] - successful
2025-07-14 09:59:57.685: WX Report: {'observations': 'Overcast', 'temperature': '72 degrees', 'humidity': '99 percent', 'winddir': 'S', 'wind_speed': '1', 'wind_gust': '3', 'pressure': '30.08', 'pressure_status': 'steady', 'visibility': '10.00 miles', 'precipRate': '0.00'}
2025-07-14 10:31:33.043: WX Alert: Flash Flood Watch
2025-07-14 10:32:58.231: Configuration reload requested from web
2025-07-14 10:59:57.686: Play: 9980-cond_tone.wav [normal] - successful
2025-07-14 10:59:57.686: WX Report: {'observations': 'Overcast', 'temperature': '77 degrees', 'humidity': '93 percent', 'winddir': 'S', 'wind_speed': '3', 'wind_gust': '6', 'pressure': '30.08', 'pressure_status': 'steady', 'visibility': '10.00 miles', 'precipRate': '0.00'}
2025-07-14 11:45:04.442: Configuration reload requested from web
2025-07-14 11:45:46.236: Configuration reload requested from web
2025-07-14 11:50:13.262: Configuration reload requested from web
2025-07-14 11:51:28.584: Configuration reload requested from web
2025-07-14 11:59:57.661: Play: 9980-cond_tone.wav [normal] - successful
2025-07-14 11:59:57.662: WX Report: {'observations': 'Overcast', 'temperature': '78 degrees', 'humidity': '90 percent', 'winddir': 'SE', 'wind_speed': '2', 'wind_gust': '4', 'pressure': '30.07', 'pressure_status': 'falling', 'visibility': '10.00 miles', 'precipRate': '0.00'}
2025-07-14 12:10:47.759: Configuration reload requested from web
2025-07-14 12:29:03.509: WX Alert: Flash Flood Watch
2025-07-14 12:30:02.851: Configuration reload requested from web
2025-07-14 12:30:16.113: Configuration reload requested from web
2025-07-14 12:43:11.950: WX Alert: Flash Flood Watch
2025-07-14 12:44:19.354: Configuration reload requested from web
2025-07-14 12:46:37.476: Configuration reload requested from web
2025-07-14 12:46:39.974: WX Alert: Flash Flood Watch
2025-07-14 12:50:38.461: WX Alert: Flash Flood Watch
2025-07-14 12:52:46.846: WX Alert: Flash Flood Watch
2025-07-14 12:54:34.971: WX Alert: Flash Flood Watch
2025-07-14 12:56:13.202: WX Alert: Flash Flood Watch
2025-07-14 12:58:51.931: WX Alert: Flash Flood Watch
2025-07-14 12:59:57.664: Play: 9980-cond_tone.wav [normal] - successful
2025-07-14 12:59:57.664: WX Report: {'observations': 'Overcast', 'temperature': '80 degrees', 'humidity': '83 percent', 'winddir': 'S', 'wind_speed': '3', 'wind_gust': '5', 'pressure': '30.07', 'pressure_status': 'steady', 'visibility': '10.00 miles', 'precipRate': '0.00'}
2025-07-14 13:00:40.761: WX Alert: Flash Flood Watch
